A  0a0002d0,3
B  0a0102d0,3
C  0a0202d0,3
D  0a0302d0,3
E  0a0402d0,3
F  0a0502d0,3
G  0a0602d0,3
H  0a0702d0,3
I  0a0802d0,3
J  0a0902d0,3
K  0a0a02d0,3
L  0a0b02d0,3
M  0a0c02d0,3
N  0a0d02d0,3
O  0a0e02d0,3
P  0a0f02d0,3
Q  0a1002d0,3
R  0a1102d0,3
S  0a1202d0,3
T  0a1302d0,3
U  0a1402d0,3
A  0a0002d0,3
B  0a0102d0,3
C  0a0202d0,3
D  0a0302d0,3
E  0a0402d0,3
F  0a0502d0,3
G  0a0602d0,3
H  0a0702d0,3
I  0a0802d0,3
J  0a0902d0,3
K  0a0a02d0,3
L  0a0b02d0,3
M  0a0c02d0,3
N  0a0d02d0,3
O  0a0e02d0,3
P  0a0f02d0,3
Q  0a1002d0,3
R  0a1102d0,3
S  0a1202d0,3
V  0a1502d0,3
A  0a0002d0,3
B  0a0102d0,3
C  0a0202d0,3
D  0a0302d0,3
E  0a0402d0,3
F  0a0502d0,3
G  0a0602d0,3
H  0a0702d0,3
I  0a0802d0,3
J  0a0902d0,3
K  0a0a02d0,3
L  0a0b02d0,3
M  0a0c02d0,3
N  0a0d02d0,3
O  0a0e02d0,3
P  0a0f02d0,3
Q  0a1002d0,3
R  0a1102d0,3
S  0a1202d0,3
T  0a1302d0,3
U  0a1402d0,3
V  0a1502d0,3